0 info it worked if it ends with ok
1 verbose cli [ '/Users/yutakam80/.ndenv/versions/v0.10.32/bin/node',
1 verbose cli   '/Users/yutakam80/.ndenv/versions/v0.10.32/bin/npm',
1 verbose cli   'install',
1 verbose cli   '--seve-dev',
1 verbose cli   'ulp-load-plugins' ]
2 info using npm@1.4.28
3 info using node@v0.10.32
4 warn package.json yusurhythm.com@1.0.0 No description
5 warn package.json yusurhythm.com@1.0.0 No README data
6 verbose readDependencies using package.json deps
7 verbose cache add [ 'ulp-load-plugins', null ]
8 verbose cache add name=undefined spec="ulp-load-plugins" args=["ulp-load-plugins",null]
9 verbose parsed url { protocol: null,
9 verbose parsed url   slashes: null,
9 verbose parsed url   auth: null,
9 verbose parsed url   host: null,
9 verbose parsed url   port: null,
9 verbose parsed url   hostname: null,
9 verbose parsed url   hash: null,
9 verbose parsed url   search: null,
9 verbose parsed url   query: null,
9 verbose parsed url   pathname: 'ulp-load-plugins',
9 verbose parsed url   path: 'ulp-load-plugins',
9 verbose parsed url   href: 'ulp-load-plugins' }
10 silly lockFile f36a27d7-ulp-load-plugins ulp-load-plugins
11 verbose lock ulp-load-plugins /Users/yutakam80/.npm/f36a27d7-ulp-load-plugins.lock
12 silly lockFile f36a27d7-ulp-load-plugins ulp-load-plugins
13 silly lockFile f36a27d7-ulp-load-plugins ulp-load-plugins
14 verbose addNamed [ 'ulp-load-plugins', '' ]
15 verbose addNamed [ null, '*' ]
16 silly lockFile 09f8edf1-ulp-load-plugins ulp-load-plugins@
17 verbose lock ulp-load-plugins@ /Users/yutakam80/.npm/09f8edf1-ulp-load-plugins.lock
18 silly addNameRange { name: 'ulp-load-plugins', range: '*', hasData: false }
19 verbose request where is /ulp-load-plugins
20 verbose request registry https://registry.npmjs.org/
21 verbose request id 43dfbf0a37bbbaf7
22 verbose url raw /ulp-load-plugins
23 verbose url resolving [ 'https://registry.npmjs.org/', './ulp-load-plugins' ]
24 verbose url resolved https://registry.npmjs.org/ulp-load-plugins
25 verbose request where is https://registry.npmjs.org/ulp-load-plugins
26 info trying registry request attempt 1 at 23:32:20
27 http GET https://registry.npmjs.org/ulp-load-plugins
28 http 404 https://registry.npmjs.org/ulp-load-plugins
29 silly registry.get cb [ 404,
29 silly registry.get   { 'content-type': 'application/json',
29 silly registry.get     'cache-control': 'max-age=0',
29 silly registry.get     'content-length': '2',
29 silly registry.get     'accept-ranges': 'bytes',
29 silly registry.get     date: 'Mon, 07 Sep 2015 14:32:20 GMT',
29 silly registry.get     via: '1.1 varnish',
29 silly registry.get     age: '0',
29 silly registry.get     connection: 'keep-alive',
29 silly registry.get     'x-served-by': 'cache-nrt6121-NRT',
29 silly registry.get     'x-cache': 'MISS',
29 silly registry.get     'x-cache-hits': '0',
29 silly registry.get     'x-timer': 'S1441636340.363914,VS0,VE531' } ]
30 silly lockFile 09f8edf1-ulp-load-plugins ulp-load-plugins@
31 silly lockFile 09f8edf1-ulp-load-plugins ulp-load-plugins@
32 error 404 Not Found
32 error 404
32 error 404 'ulp-load-plugins' is not in the npm registry.
32 error 404 You should bug the author to publish it
32 error 404 It was specified as a dependency of 'yusurhythm.com'
32 error 404
32 error 404 Note that you can also install from a
32 error 404 tarball, folder, or http url, or git url.
33 error System Darwin 14.5.0
34 error command "/Users/yutakam80/.ndenv/versions/v0.10.32/bin/node" "/Users/yutakam80/.ndenv/versions/v0.10.32/bin/npm" "install" "--seve-dev" "ulp-load-plugins"
35 error cwd /Users/yutakam80/git/yusurhythm.com
36 error node -v v0.10.32
37 error npm -v 1.4.28
38 error code E404
39 verbose exit [ 1, true ]
